c:\users\a\desktop\aziaudio\aziaudio\target\win32\release\lib\aziaudio2010.lib
c:\users\a\desktop\aziaudio\aziaudio\target\win32\release\lib\aziaudio2010.exp
c:\users\a\desktop\aziaudio\aziaudio\build\win32\release\vc17.0.pdb
c:\users\a\desktop\aziaudio\aziaudio\build\win32\release\abi1.obj
c:\users\a\desktop\aziaudio\aziaudio\build\win32\release\abi2.obj
c:\users\a\desktop\aziaudio\aziaudio\build\win32\release\abi3.obj
c:\users\a\desktop\aziaudio\aziaudio\build\win32\release\abi3mp3.obj
c:\users\a\desktop\aziaudio\aziaudio\build\win32\release\abi_adpcm.obj
c:\users\a\desktop\aziaudio\aziaudio\build\win32\release\abi_buffers.obj
c:\users\a\desktop\aziaudio\aziaudio\build\win32\release\abi_envmixer.obj
c:\users\a\desktop\aziaudio\aziaudio\build\win32\release\abi_filters.obj
c:\users\a\desktop\aziaudio\aziaudio\build\win32\release\abi_mixerinterleave.obj
c:\users\a\desktop\aziaudio\aziaudio\build\win32\release\abi_resample.obj
c:\users\a\desktop\aziaudio\aziaudio\build\win32\release\configuration.obj
c:\users\a\desktop\aziaudio\aziaudio\build\win32\release\directsounddriver.obj
c:\users\a\desktop\aziaudio\aziaudio\build\win32\release\hlemain.obj
c:\users\a\desktop\aziaudio\aziaudio\build\win32\release\sounddriver.obj
c:\users\a\desktop\aziaudio\aziaudio\build\win32\release\sounddriverfactory.obj
c:\users\a\desktop\aziaudio\aziaudio\build\win32\release\sounddriverinterface.obj
c:\users\a\desktop\aziaudio\aziaudio\build\win32\release\sounddriverregistrar.obj
c:\users\a\desktop\aziaudio\aziaudio\build\win32\release\wasapisounddriver.obj
c:\users\a\desktop\aziaudio\aziaudio\build\win32\release\vc16.0.pdb
c:\users\a\desktop\aziaudio\aziaudio\build\win32\release\vc16.0.idb
c:\users\a\desktop\aziaudio\aziaudio\build\win32\release\main.obj
c:\users\a\desktop\aziaudio\aziaudio\build\win32\release\queueexecutor.obj
c:\users\a\desktop\aziaudio\aziaudio\build\win32\release\audio.obj
c:\users\a\desktop\aziaudio\aziaudio\build\win32\release\memory.obj
c:\users\a\desktop\aziaudio\aziaudio\build\win32\release\mupen64support.obj
c:\users\a\desktop\aziaudio\aziaudio\build\win32\release\musyx.obj
c:\users\a\desktop\aziaudio\aziaudio\target\win32\release\aziaudio2010.dll
c:\users\a\desktop\aziaudio\aziaudio\target\win32\release\map\aziaudio2010.map
c:\users\a\desktop\aziaudio\aziaudio\target\win32\release\pdb\aziaudio2010.pdb
c:\users\a\desktop\aziaudio\aziaudio\build\win32\release\resource.res
